<?xml version="1.0" encoding="UTF-8"?>
<testng-results skipped="0" failed="0" ignored="6" total="7" passed="1">
  <reporter-output>
  </reporter-output>
  <suite name="All Test Suite" duration-ms="41136" started-at="2023-02-26T09:55:18Z" finished-at="2023-02-26T09:55:59Z">
    <groups>
    </groups>
    <test name="/Users/sharanyakadarla/Desktop/CRM/CRMproject" duration-ms="41136" started-at="2023-02-26T09:55:18Z" finished-at="2023-02-26T09:55:59Z">
      <class name="testcases.IndexPageTest">
        <test-method status="PASS" signature="loadConfig()[pri:0, instance:testcases.IndexPageTest@401e7803]" name="loadConfig" is-config="true" duration-ms="7" started-at="2023-02-26T09:55:18Z" finished-at="2023-02-26T09:55:18Z">
          <reporter-output>
          </reporter-output>
        </test-method> <!-- loadConfig -->
      </class> <!-- testcases.IndexPageTest -->
      <class name="testcases.LoginPageTest">
        <test-method status="PASS" signature="setup()[pri:0, instance:testcases.LoginPageTest@10dba097]" name="setup" is-config="true" duration-ms="14796" started-at="2023-02-26T09:55:18Z" finished-at="2023-02-26T09:55:33Z">
          <reporter-output>
          </reporter-output>
        </test-method> <!-- setup -->
        <test-method status="PASS" signature="validateLoginTest()[pri:0, instance:testcases.LoginPageTest@10dba097]" name="validateLoginTest" duration-ms="26100" started-at="2023-02-26T09:55:33Z" finished-at="2023-02-26T09:55:59Z">
          <reporter-output>
          </reporter-output>
        </test-method> <!-- validateLoginTest -->
        <test-method status="PASS" signature="tearDown()[pri:0, instance:testcases.LoginPageTest@10dba097]" name="tearDown" is-config="true" duration-ms="207" started-at="2023-02-26T09:55:59Z" finished-at="2023-02-26T09:55:59Z">
          <reporter-output>
          </reporter-output>
        </test-method> <!-- tearDown -->
      </class> <!-- testcases.LoginPageTest -->
    </test> <!-- /Users/sharanyakadarla/Desktop/CRM/CRMproject -->
  </suite> <!-- All Test Suite -->
</testng-results>
