<?xml version="1.0" encoding="UTF-8"?>
<!-- Generated by org.testng.reporters.JUnitXMLReporter -->
<testsuite hostname="Sharanyas-MBP.modem" ignored="6" name="/Users/sharanyakadarla/Desktop/CRM/CRMproject" tests="1" failures="0" timestamp="26 Feb 2023 09:55:59 GMT" time="41.136" errors="0">
  <testcase name="validateLoginTest" time="26.1" classname="testcases.LoginPageTest"/>
  <testcase name="verifyLogoTest" time="0.0" classname="testcases.IndexPageTest">
    <ignored/>
  </testcase> <!-- verifyLogoTest -->
  <testcase name="@BeforeTest loadConfig" time="0.0" classname="com.crm.qa.base.BaseClass">
    <ignored/>
  </testcase> <!-- @BeforeTest loadConfig -->
  <testcase name="@BeforeTest loadConfig" time="0.0" classname="com.crm.qa.base.BaseClass">
    <ignored/>
  </testcase> <!-- @BeforeTest loadConfig -->
  <testcase name="verifyTitleTest" time="0.0" classname="testcases.IndexPageTest">
    <ignored/>
  </testcase> <!-- verifyTitleTest -->
  <testcase name="signInTest" time="0.0" classname="testcases.IndexPageTest">
    <ignored/>
  </testcase> <!-- signInTest -->
  <testcase name="productAvailabilityTest" time="0.0" classname="testcases.SearchResultPageTest">
    <ignored/>
  </testcase> <!-- productAvailabilityTest -->
</testsuite> <!-- /Users/sharanyakadarla/Desktop/CRM/CRMproject -->
